<?xml version="1.0" encoding="UTF-8"?>
<robot generator="Robot 5.0.1 (Python 3.9.13 on win32)" generated="20220705 09:39:52.703" rpa="false" schemaversion="3">
<suite id="s1" name="Test" source="D:\AD\test.robot">
<test id="s1-t1" name="Test Search Google (Google 001)" line="33">
<kw name="Open Google Web">
<kw name="Open Browser" library="Browser">
<arg>${URL}</arg>
<tag>BrowserControl</tag>
<tag>Setter</tag>
<doc>Opens a new browser instance. Use this keyword for quick experiments or debugging sessions.
Use `New Page` directly instead of `Open Browser` for production and automated execution.
See `Browser, Context and Page` for more information about Browser and related concepts.</doc>
<msg timestamp="20220705 09:39:53.413" level="WARN">Open Browser is for quick experimentation and debugging only. Use New Page for production.</msg>
<msg timestamp="20220705 09:39:53.413" level="INFO">{"browser": "chromium", "headless": false, "handleSIGINT": true, "handleSIGTERM": true, "handleSIGHUP": true, "timeout": 30000.0, "devtools": false, "slowMo": 0.0, "tracesDir": "D:\\AD\\browser\\traces\\d007a11f-6fa1-420b-9cac-13b82783b290"}</msg>
<msg timestamp="20220705 09:39:53.683" level="INFO">Successfully created browser with options: {"browser":"chromium","headless":false,"handleSIGINT":true,"handleSIGTERM":true,"handleSIGHUP":true,"timeout":30000,"devtools":false,"slowMo":0,"tracesDir":"D:\\AD\\browser\\traces\\d007a11f-6fa1-420b-9cac-13b82783b290"}</msg>
<msg timestamp="20220705 09:39:53.683" level="INFO">{"acceptDownloads": true, "ignoreHTTPSErrors": false, "bypassCSP": true, "deviceScaleFactor": 1.0, "isMobile": false, "hasTouch": false, "javaScriptEnabled": true, "offline": false, "hideRfBrowser": false, "reducedMotion": "no-preference", "forcedColors": "none"}</msg>
<msg timestamp="20220705 09:39:53.697" level="INFO">Successfully created context. </msg>
<msg timestamp="20220705 09:39:53.697" level="INFO">{'acceptDownloads': True, 'ignoreHTTPSErrors': False, 'bypassCSP': True, 'deviceScaleFactor': 1, 'isMobile': False, 'hasTouch': False, 'javaScriptEnabled': True, 'offline': False, 'hideRfBrowser': False, 'reducedMotion': 'no-preference', 'forcedColors': 'none'}</msg>
<msg timestamp="20220705 09:39:54.627" level="INFO">Successfully initialized new page object and opened url: https://www.google.com/</msg>
<status status="PASS" starttime="20220705 09:39:53.412" endtime="20220705 09:39:54.627"/>
</kw>
<status status="PASS" starttime="20220705 09:39:53.412" endtime="20220705 09:39:54.628"/>
</kw>
<kw name="Input Data 1">
<kw name="Fill Text" library="Browser">
<arg>${SEARCH_FIELD}</arg>
<arg>เรือดำน้ำ</arg>
<tag>PageContent</tag>
<tag>Setter</tag>
<doc>Clears and fills the given ``txt`` into the text field found by ``selector``.</doc>
<msg timestamp="20220705 09:39:54.628" level="INFO">Fills the text 'เรือดำน้ำ' in the given field.</msg>
<status status="PASS" starttime="20220705 09:39:54.628" endtime="20220705 09:39:54.662"/>
</kw>
<status status="PASS" starttime="20220705 09:39:54.628" endtime="20220705 09:39:54.662"/>
</kw>
<kw name="Sleep" library="BuiltIn">
<arg>2s</arg>
<doc>Pauses the test executed for the given time.</doc>
<msg timestamp="20220705 09:39:56.674" level="INFO">Slept 2 seconds</msg>
<status status="PASS" starttime="20220705 09:39:54.662" endtime="20220705 09:39:56.674"/>
</kw>
<kw name="Click Button Search">
<kw name="Click" library="Browser">
<arg>//form[@role="search"]/div/div/div[2]//*[@name="btnK"]</arg>
<tag>PageContent</tag>
<tag>Setter</tag>
<doc>Simulates mouse click on the element found by ``selector``.</doc>
<status status="PASS" starttime="20220705 09:39:56.674" endtime="20220705 09:39:56.802"/>
</kw>
<status status="PASS" starttime="20220705 09:39:56.674" endtime="20220705 09:39:56.802"/>
</kw>
<kw name="Sleep" library="BuiltIn">
<arg>2s</arg>
<doc>Pauses the test executed for the given time.</doc>
<msg timestamp="20220705 09:39:58.808" level="INFO">Slept 2 seconds</msg>
<status status="PASS" starttime="20220705 09:39:56.803" endtime="20220705 09:39:58.808"/>
</kw>
<kw name="GetCheck">
<var>${forEqual}</var>
<kw name="Get Text" library="Browser">
<var>${GetTextforVerify}</var>
<arg>//*[@id="rso"]/div[3]/div/div[1]/div/a/h3</arg>
<tag>Assertion</tag>
<tag>Getter</tag>
<tag>PageContent</tag>
<doc>Returns text attribute of the element found by ``selector``.</doc>
<msg timestamp="20220705 09:39:58.835" level="INFO">${GetTextforVerify} = เรือดำน้ำ - วิกิพีเดีย</msg>
<status status="PASS" starttime="20220705 09:39:58.808" endtime="20220705 09:39:58.835"/>
</kw>
<return>
<value>${GetTextforVerify}</value>
<status status="PASS" starttime="20220705 09:39:58.835" endtime="20220705 09:39:58.835"/>
</return>
<msg timestamp="20220705 09:39:58.836" level="INFO">${forEqual} = เรือดำน้ำ - วิกิพีเดีย</msg>
<status status="PASS" starttime="20220705 09:39:58.808" endtime="20220705 09:39:58.836"/>
</kw>
<kw name="Should Be Equal" library="BuiltIn">
<arg>${forEqual}</arg>
<arg>เรือดำน้ำ - วิกิพีเดีย</arg>
<doc>Fails if the given objects are unequal.</doc>
<status status="PASS" starttime="20220705 09:39:58.836" endtime="20220705 09:39:58.836"/>
</kw>
<kw name="Sleep" library="BuiltIn">
<arg>5s</arg>
<doc>Pauses the test executed for the given time.</doc>
<msg timestamp="20220705 09:40:03.838" level="INFO">Slept 5 seconds</msg>
<status status="PASS" starttime="20220705 09:39:58.836" endtime="20220705 09:40:03.838"/>
</kw>
<status status="PASS" starttime="20220705 09:39:53.410" endtime="20220705 09:40:03.838"/>
</test>
<status status="PASS" starttime="20220705 09:39:52.705" endtime="20220705 09:40:03.884"/>
</suite>
<statistics>
<total>
<stat pass="1" fail="0" skip="0">All Tests</stat>
</total>
<tag>
</tag>
<suite>
<stat pass="1" fail="0" skip="0" id="s1" name="Test">Test</stat>
</suite>
</statistics>
<errors>
<msg timestamp="20220705 09:39:53.413" level="WARN">Open Browser is for quick experimentation and debugging only. Use New Page for production.</msg>
</errors>
</robot>
